0 info it worked if it ends with ok
1 verbose cli [ 'C:\\Program Files\\nodejs\\node.exe',
1 verbose cli   'C:\\Users\\David\\AppData\\Roaming\\npm\\node_modules\\npm\\bin\\npm-cli.js',
1 verbose cli   'run',
1 verbose cli   'test' ]
2 info using npm@3.10.8
3 info using node@v4.6.0
4 verbose run-script [ 'pretest', 'test', 'posttest' ]
5 info lifecycle arithmetica@1.0.0~pretest: arithmetica@1.0.0
6 silly lifecycle arithmetica@1.0.0~pretest: no script for pretest, continuing
7 info lifecycle arithmetica@1.0.0~test: arithmetica@1.0.0
8 verbose lifecycle arithmetica@1.0.0~test: unsafe-perm in lifecycle true
9 verbose lifecycle arithmetica@1.0.0~test: PATH: C:\Users\David\AppData\Roaming\npm\node_modules\npm\bin\node-gyp-bin;C:\Users\David\Documents\Visual Studio Code\angularArithmetica\MathCombat\node_modules\.bin;C:\Program Files (x86)\NVIDIA Corporation\PhysX\Common;C:\Users\David\algs4\java\bin;C:\Program Files (x86)\Common Files\Intel\Shared Libraries\redist\intel64\compiler;C:\ProgramData\Oracle\Java\javapath;C:\WINDOWS\system32;C:\WINDOWS;C:\WINDOWS\System32\Wbem;C:\WINDOWS\System32\WindowsPowerShell\v1.0\;C:\Program Files (x86)\AMD\ATI.ACE\Core-Static;C:\Program Files\Emscripten\clang\e1.29.0_64bit;C:\Program Files\Emscripten\node\0.10.17_64bit;C:\Program Files\Emscripten\python\2.7.5.3_64bit;C:\Program Files\Emscripten\java\7.45_64bit\bin;C:\Program Files\Emscripten;C:\Program Files\Emscripten\emscripten\1.29.0;C:\Program Files\Emscripten\crunch\1.03;C:\Program Files\Emscripten\mingw\4.6.2_32bit;C:\Program Files (x86)\QuickTime\QTSystem\;C:\Program Files (x86)\Brackets\command;C:\Program Files (x86)\ATI Technologies\ATI.ACE\Core-Static;C:\Program Files\Common Files\Autodesk Shared\;C:\Program Files (x86)\Skype\Phone\;C:\Users\David\.dnx\bin;C:\Program Files\Microsoft DNX\Dnvm\;C:\Program Files\Microsoft SQL Server\130\Tools\Binn\;C:\Program Files (x86)\GtkSharp\2.12\bin;C:\WINDOWS\system32;C:\WINDOWS;C:\WINDOWS\System32\Wbem;C:\WINDOWS\System32\WindowsPowerShell\v1.0\;C:\Program Files\nodejs\;C:\Program Files\Git\cmd;C:\Users\David\algs4\bin;C:\Users\David\algs4\java\bin;C:\Program Files (x86)\Microsoft VS Code\bin;C:\Users\David\AppData\Local\Microsoft\WindowsApps;C:\Users\David\AppData\Roaming\npm
10 verbose lifecycle arithmetica@1.0.0~test: CWD: C:\Users\David\Documents\Visual Studio Code\angularArithmetica\MathCombat
11 silly lifecycle arithmetica@1.0.0~test: Args: [ '/d /s /c', 'echo "Error: no test specified" && exit 1' ]
12 silly lifecycle arithmetica@1.0.0~test: Returned: code: 1  signal: null
13 info lifecycle arithmetica@1.0.0~test: Failed to exec test script
14 verbose stack Error: arithmetica@1.0.0 test: `echo "Error: no test specified" && exit 1`
14 verbose stack Exit status 1
14 verbose stack     at EventEmitter.<anonymous> (C:\Users\David\AppData\Roaming\npm\node_modules\npm\lib\utils\lifecycle.js:255:16)
14 verbose stack     at emitTwo (events.js:87:13)
14 verbose stack     at EventEmitter.emit (events.js:172:7)
14 verbose stack     at ChildProcess.<anonymous> (C:\Users\David\AppData\Roaming\npm\node_modules\npm\lib\utils\spawn.js:40:14)
14 verbose stack     at emitTwo (events.js:87:13)
14 verbose stack     at ChildProcess.emit (events.js:172:7)
14 verbose stack     at maybeClose (internal/child_process.js:829:16)
14 verbose stack     at Process.ChildProcess._handle.onexit (internal/child_process.js:211:5)
15 verbose pkgid arithmetica@1.0.0
16 verbose cwd C:\Users\David\Documents\Visual Studio Code\angularArithmetica\MathCombat
17 error Windows_NT 10.0.14393
18 error argv "C:\\Program Files\\nodejs\\node.exe" "C:\\Users\\David\\AppData\\Roaming\\npm\\node_modules\\npm\\bin\\npm-cli.js" "run" "test"
19 error node v4.6.0
20 error npm  v3.10.8
21 error code ELIFECYCLE
22 error arithmetica@1.0.0 test: `echo "Error: no test specified" && exit 1`
22 error Exit status 1
23 error Failed at the arithmetica@1.0.0 test script 'echo "Error: no test specified" && exit 1'.
23 error Make sure you have the latest version of node.js and npm installed.
23 error If you do, this is most likely a problem with the arithmetica package,
23 error not with npm itself.
23 error Tell the author that this fails on your system:
23 error     echo "Error: no test specified" && exit 1
23 error You can get information on how to open an issue for this project with:
23 error     npm bugs arithmetica
23 error Or if that isn't available, you can get their info via:
23 error     npm owner ls arithmetica
23 error There is likely additional logging output above.
24 verbose exit [ 1, true ]
